CRITICAL - 2021-06-04 01:32:05 --> unlink(assets/file/pdf): Is a directory
#0 [internal function]: CodeIgniter\Debug\Exceptions->errorHandler(2, 'unlink(assets/f...', 'C:\\xampp\\htdocs...', 266)
#1 C:\xampp\htdocs\pilotgamingindo\app\Controllers\Chart.php(266): unlink('assets/file/pdf')
#2 C:\xampp\htdocs\pilotgamingindo\system\CodeIgniter.php(936): App\Controllers\Chart->update('16')
#3 C:\xampp\htdocs\pilotgamingindo\system\CodeIgniter.php(432): CodeIgniter\CodeIgniter->runController(Object(App\Controllers\Chart))
#4 C:\xampp\htdocs\pilotgamingindo\system\CodeIgniter.php(333): CodeIgniter\CodeIgniter->handleRequest(NULL, Object(Config\Cache), false)
#5 C:\xampp\htdocs\pilotgamingindo\public\index.php(44): CodeIgniter\CodeIgniter->run()
#6 C:\xampp\htdocs\pilotgamingindo\system\Commands\Server\rewrite.php(45): require_once('C:\\xampp\\htdocs...')
#7 {main}
CRITICAL - 2021-06-04 01:32:29 --> unlink(assets/file/pdf/): Is a directory
#0 [internal function]: CodeIgniter\Debug\Exceptions->errorHandler(2, 'unlink(assets/f...', 'C:\\xampp\\htdocs...', 266)
#1 C:\xampp\htdocs\pilotgamingindo\app\Controllers\Chart.php(266): unlink('assets/file/pdf...')
#2 C:\xampp\htdocs\pilotgamingindo\system\CodeIgniter.php(936): App\Controllers\Chart->update('16')
#3 C:\xampp\htdocs\pilotgamingindo\system\CodeIgniter.php(432): CodeIgniter\CodeIgniter->runController(Object(App\Controllers\Chart))
#4 C:\xampp\htdocs\pilotgamingindo\system\CodeIgniter.php(333): CodeIgniter\CodeIgniter->handleRequest(NULL, Object(Config\Cache), false)
#5 C:\xampp\htdocs\pilotgamingindo\public\index.php(44): CodeIgniter\CodeIgniter->run()
#6 C:\xampp\htdocs\pilotgamingindo\system\Commands\Server\rewrite.php(45): require_once('C:\\xampp\\htdocs...')
#7 {main}
CRITICAL - 2021-06-04 01:34:34 --> unlink(assets/file/pdf/): Is a directory
#0 [internal function]: CodeIgniter\Debug\Exceptions->errorHandler(2, 'unlink(assets/f...', 'C:\\xampp\\htdocs...', 272)
#1 C:\xampp\htdocs\pilotgamingindo\app\Controllers\Chart.php(272): unlink('assets/file/pdf...')
#2 C:\xampp\htdocs\pilotgamingindo\system\CodeIgniter.php(936): App\Controllers\Chart->update('16')
#3 C:\xampp\htdocs\pilotgamingindo\system\CodeIgniter.php(432): CodeIgniter\CodeIgniter->runController(Object(App\Controllers\Chart))
#4 C:\xampp\htdocs\pilotgamingindo\system\CodeIgniter.php(333): CodeIgniter\CodeIgniter->handleRequest(NULL, Object(Config\Cache), false)
#5 C:\xampp\htdocs\pilotgamingindo\public\index.php(44): CodeIgniter\CodeIgniter->run()
#6 C:\xampp\htdocs\pilotgamingindo\system\Commands\Server\rewrite.php(45): require_once('C:\\xampp\\htdocs...')
#7 {main}
CRITICAL - 2021-06-04 01:34:50 --> Undefined array key "file"
#0 C:\xampp\htdocs\pilotgamingindo\app\Controllers\Chart.php(197): CodeIgniter\Debug\Exceptions->errorHandler(2, 'Undefined array...', 'C:\\xampp\\htdocs...', 197)
#1 C:\xampp\htdocs\pilotgamingindo\system\CodeIgniter.php(936): App\Controllers\Chart->update('16')
#2 C:\xampp\htdocs\pilotgamingindo\system\CodeIgniter.php(432): CodeIgniter\CodeIgniter->runController(Object(App\Controllers\Chart))
#3 C:\xampp\htdocs\pilotgamingindo\system\CodeIgniter.php(333): CodeIgniter\CodeIgniter->handleRequest(NULL, Object(Config\Cache), false)
#4 C:\xampp\htdocs\pilotgamingindo\public\index.php(44): CodeIgniter\CodeIgniter->run()
#5 C:\xampp\htdocs\pilotgamingindo\system\Commands\Server\rewrite.php(45): require_once('C:\\xampp\\htdocs...')
#6 {main}
CRITICAL - 2021-06-04 01:34:51 --> Undefined array key "file"
#0 C:\xampp\htdocs\pilotgamingindo\app\Controllers\Chart.php(197): CodeIgniter\Debug\Exceptions->errorHandler(2, 'Undefined array...', 'C:\\xampp\\htdocs...', 197)
#1 C:\xampp\htdocs\pilotgamingindo\system\CodeIgniter.php(936): App\Controllers\Chart->update('16')
#2 C:\xampp\htdocs\pilotgamingindo\system\CodeIgniter.php(432): CodeIgniter\CodeIgniter->runController(Object(App\Controllers\Chart))
#3 C:\xampp\htdocs\pilotgamingindo\system\CodeIgniter.php(333): CodeIgniter\CodeIgniter->handleRequest(NULL, Object(Config\Cache), false)
#4 C:\xampp\htdocs\pilotgamingindo\public\index.php(44): CodeIgniter\CodeIgniter->run()
#5 C:\xampp\htdocs\pilotgamingindo\system\Commands\Server\rewrite.php(45): require_once('C:\\xampp\\htdocs...')
#6 {main}
CRITICAL - 2021-06-04 01:36:13 --> Undefined array key "file"
#0 C:\xampp\htdocs\pilotgamingindo\app\Controllers\Chart.php(197): CodeIgniter\Debug\Exceptions->errorHandler(2, 'Undefined array...', 'C:\\xampp\\htdocs...', 197)
#1 C:\xampp\htdocs\pilotgamingindo\system\CodeIgniter.php(936): App\Controllers\Chart->update('16')
#2 C:\xampp\htdocs\pilotgamingindo\system\CodeIgniter.php(432): CodeIgniter\CodeIgniter->runController(Object(App\Controllers\Chart))
#3 C:\xampp\htdocs\pilotgamingindo\system\CodeIgniter.php(333): CodeIgniter\CodeIgniter->handleRequest(NULL, Object(Config\Cache), false)
#4 C:\xampp\htdocs\pilotgamingindo\public\index.php(44): CodeIgniter\CodeIgniter->run()
#5 C:\xampp\htdocs\pilotgamingindo\system\Commands\Server\rewrite.php(45): require_once('C:\\xampp\\htdocs...')
#6 {main}
CRITICAL - 2021-06-04 01:36:52 --> unlink(assets/file/pdf/): Is a directory
#0 [internal function]: CodeIgniter\Debug\Exceptions->errorHandler(2, 'unlink(assets/f...', 'C:\\xampp\\htdocs...', 266)
#1 C:\xampp\htdocs\pilotgamingindo\app\Controllers\Chart.php(266): unlink('assets/file/pdf...')
#2 C:\xampp\htdocs\pilotgamingindo\system\CodeIgniter.php(936): App\Controllers\Chart->update('16')
#3 C:\xampp\htdocs\pilotgamingindo\system\CodeIgniter.php(432): CodeIgniter\CodeIgniter->runController(Object(App\Controllers\Chart))
#4 C:\xampp\htdocs\pilotgamingindo\system\CodeIgniter.php(333): CodeIgniter\CodeIgniter->handleRequest(NULL, Object(Config\Cache), false)
#5 C:\xampp\htdocs\pilotgamingindo\public\index.php(44): CodeIgniter\CodeIgniter->run()
#6 C:\xampp\htdocs\pilotgamingindo\system\Commands\Server\rewrite.php(45): require_once('C:\\xampp\\htdocs...')
#7 {main}
CRITICAL - 2021-06-04 01:38:57 --> unlink(assets/file/pdf/): Is a directory
#0 [internal function]: CodeIgniter\Debug\Exceptions->errorHandler(2, 'unlink(assets/f...', 'C:\\xampp\\htdocs...', 266)
#1 C:\xampp\htdocs\pilotgamingindo\app\Controllers\Chart.php(266): unlink('assets/file/pdf...')
#2 C:\xampp\htdocs\pilotgamingindo\system\CodeIgniter.php(936): App\Controllers\Chart->update('16')
#3 C:\xampp\htdocs\pilotgamingindo\system\CodeIgniter.php(432): CodeIgniter\CodeIgniter->runController(Object(App\Controllers\Chart))
#4 C:\xampp\htdocs\pilotgamingindo\system\CodeIgniter.php(333): CodeIgniter\CodeIgniter->handleRequest(NULL, Object(Config\Cache), false)
#5 C:\xampp\htdocs\pilotgamingindo\public\index.php(44): CodeIgniter\CodeIgniter->run()
#6 C:\xampp\htdocs\pilotgamingindo\system\Commands\Server\rewrite.php(45): require_once('C:\\xampp\\htdocs...')
#7 {main}
CRITICAL - 2021-06-04 01:41:13 --> unlink(assets/file/pdf/): Is a directory
#0 [internal function]: CodeIgniter\Debug\Exceptions->errorHandler(2, 'unlink(assets/f...', 'C:\\xampp\\htdocs...', 266)
#1 C:\xampp\htdocs\pilotgamingindo\app\Controllers\Chart.php(266): unlink('assets/file/pdf...')
#2 C:\xampp\htdocs\pilotgamingindo\system\CodeIgniter.php(936): App\Controllers\Chart->update('16')
#3 C:\xampp\htdocs\pilotgamingindo\system\CodeIgniter.php(432): CodeIgniter\CodeIgniter->runController(Object(App\Controllers\Chart))
#4 C:\xampp\htdocs\pilotgamingindo\system\CodeIgniter.php(333): CodeIgniter\CodeIgniter->handleRequest(NULL, Object(Config\Cache), false)
#5 C:\xampp\htdocs\pilotgamingindo\public\index.php(44): CodeIgniter\CodeIgniter->run()
#6 C:\xampp\htdocs\pilotgamingindo\system\Commands\Server\rewrite.php(45): require_once('C:\\xampp\\htdocs...')
#7 {main}
CRITICAL - 2021-06-04 01:41:15 --> unlink(assets/file/pdf/): Is a directory
#0 [internal function]: CodeIgniter\Debug\Exceptions->errorHandler(2, 'unlink(assets/f...', 'C:\\xampp\\htdocs...', 266)
#1 C:\xampp\htdocs\pilotgamingindo\app\Controllers\Chart.php(266): unlink('assets/file/pdf...')
#2 C:\xampp\htdocs\pilotgamingindo\system\CodeIgniter.php(936): App\Controllers\Chart->update('16')
#3 C:\xampp\htdocs\pilotgamingindo\system\CodeIgniter.php(432): CodeIgniter\CodeIgniter->runController(Object(App\Controllers\Chart))
#4 C:\xampp\htdocs\pilotgamingindo\system\CodeIgniter.php(333): CodeIgniter\CodeIgniter->handleRequest(NULL, Object(Config\Cache), false)
#5 C:\xampp\htdocs\pilotgamingindo\public\index.php(44): CodeIgniter\CodeIgniter->run()
#6 C:\xampp\htdocs\pilotgamingindo\system\Commands\Server\rewrite.php(45): require_once('C:\\xampp\\htdocs...')
#7 {main}
CRITICAL - 2021-06-04 01:41:34 --> unlink(assets/file/pdf/): Is a directory
#0 [internal function]: CodeIgniter\Debug\Exceptions->errorHandler(2, 'unlink(assets/f...', 'C:\\xampp\\htdocs...', 266)
#1 C:\xampp\htdocs\pilotgamingindo\app\Controllers\Chart.php(266): unlink('assets/file/pdf...')
#2 C:\xampp\htdocs\pilotgamingindo\system\CodeIgniter.php(936): App\Controllers\Chart->update('16')
#3 C:\xampp\htdocs\pilotgamingindo\system\CodeIgniter.php(432): CodeIgniter\CodeIgniter->runController(Object(App\Controllers\Chart))
#4 C:\xampp\htdocs\pilotgamingindo\system\CodeIgniter.php(333): CodeIgniter\CodeIgniter->handleRequest(NULL, Object(Config\Cache), false)
#5 C:\xampp\htdocs\pilotgamingindo\public\index.php(44): CodeIgniter\CodeIgniter->run()
#6 C:\xampp\htdocs\pilotgamingindo\system\Commands\Server\rewrite.php(45): require_once('C:\\xampp\\htdocs...')
#7 {main}
CRITICAL - 2021-06-04 01:41:36 --> unlink(assets/file/pdf/): Is a directory
#0 [internal function]: CodeIgniter\Debug\Exceptions->errorHandler(2, 'unlink(assets/f...', 'C:\\xampp\\htdocs...', 266)
#1 C:\xampp\htdocs\pilotgamingindo\app\Controllers\Chart.php(266): unlink('assets/file/pdf...')
#2 C:\xampp\htdocs\pilotgamingindo\system\CodeIgniter.php(936): App\Controllers\Chart->update('16')
#3 C:\xampp\htdocs\pilotgamingindo\system\CodeIgniter.php(432): CodeIgniter\CodeIgniter->runController(Object(App\Controllers\Chart))
#4 C:\xampp\htdocs\pilotgamingindo\system\CodeIgniter.php(333): CodeIgniter\CodeIgniter->handleRequest(NULL, Object(Config\Cache), false)
#5 C:\xampp\htdocs\pilotgamingindo\public\index.php(44): CodeIgniter\CodeIgniter->run()
#6 C:\xampp\htdocs\pilotgamingindo\system\Commands\Server\rewrite.php(45): require_once('C:\\xampp\\htdocs...')
#7 {main}
CRITICAL - 2021-06-04 01:42:31 --> unlink(assets/file/pdf/): Is a directory
#0 [internal function]: CodeIgniter\Debug\Exceptions->errorHandler(2, 'unlink(assets/f...', 'C:\\xampp\\htdocs...', 266)
#1 C:\xampp\htdocs\pilotgamingindo\app\Controllers\Chart.php(266): unlink('assets/file/pdf...')
#2 C:\xampp\htdocs\pilotgamingindo\system\CodeIgniter.php(936): App\Controllers\Chart->update('16')
#3 C:\xampp\htdocs\pilotgamingindo\system\CodeIgniter.php(432): CodeIgniter\CodeIgniter->runController(Object(App\Controllers\Chart))
#4 C:\xampp\htdocs\pilotgamingindo\system\CodeIgniter.php(333): CodeIgniter\CodeIgniter->handleRequest(NULL, Object(Config\Cache), false)
#5 C:\xampp\htdocs\pilotgamingindo\public\index.php(44): CodeIgniter\CodeIgniter->run()
#6 C:\xampp\htdocs\pilotgamingindo\system\Commands\Server\rewrite.php(45): require_once('C:\\xampp\\htdocs...')
#7 {main}
CRITICAL - 2021-06-04 01:42:33 --> unlink(assets/file/pdf/): Is a directory
#0 [internal function]: CodeIgniter\Debug\Exceptions->errorHandler(2, 'unlink(assets/f...', 'C:\\xampp\\htdocs...', 266)
#1 C:\xampp\htdocs\pilotgamingindo\app\Controllers\Chart.php(266): unlink('assets/file/pdf...')
#2 C:\xampp\htdocs\pilotgamingindo\system\CodeIgniter.php(936): App\Controllers\Chart->update('16')
#3 C:\xampp\htdocs\pilotgamingindo\system\CodeIgniter.php(432): CodeIgniter\CodeIgniter->runController(Object(App\Controllers\Chart))
#4 C:\xampp\htdocs\pilotgamingindo\system\CodeIgniter.php(333): CodeIgniter\CodeIgniter->handleRequest(NULL, Object(Config\Cache), false)
#5 C:\xampp\htdocs\pilotgamingindo\public\index.php(44): CodeIgniter\CodeIgniter->run()
#6 C:\xampp\htdocs\pilotgamingindo\system\Commands\Server\rewrite.php(45): require_once('C:\\xampp\\htdocs...')
#7 {main}
