ERROR - 2021-05-18 00:07:27 --> mysqli_sql_exception: Table 'pilotgamingindo.akun_admin' doesn't exist in C:\xampp\htdocs\pilotgamingindo\system\Database\MySQLi\Connection.php:314
Stack trace:
#0 C:\xampp\htdocs\pilotgamingindo\system\Database\MySQLi\Connection.php(314): mysqli->query('SELECT *\nFROM `...')
#1 C:\xampp\htdocs\pilotgamingindo\system\Database\BaseConnection.php(713): CodeIgniter\Database\MySQLi\Connection->execute('SELECT *\nFROM `...')
#2 C:\xampp\htdocs\pilotgamingindo\system\Database\BaseConnection.php(641): CodeIgniter\Database\BaseConnection->simpleQuery('SELECT *\nFROM `...')
#3 C:\xampp\htdocs\pilotgamingindo\system\Database\BaseBuilder.php(1866): CodeIgniter\Database\BaseConnection->query('SELECT *\nFROM `...', Array, false)
#4 C:\xampp\htdocs\pilotgamingindo\app\Models\AuthModel.php(13): CodeIgniter\Database\BaseBuilder->get()
#5 C:\xampp\htdocs\pilotgamingindo\app\Controllers\Auth.php(17): App\Models\AuthModel->get_data_login(NULL, 'akun_admin')
#6 C:\xampp\htdocs\pilotgamingindo\system\CodeIgniter.php(936): App\Controllers\Auth->login()
#7 C:\xampp\htdocs\pilotgamingindo\system\CodeIgniter.php(432): CodeIgniter\CodeIgniter->runController(Object(App\Controllers\Auth))
#8 C:\xampp\htdocs\pilotgamingindo\system\CodeIgniter.php(333): CodeIgniter\CodeIgniter->handleRequest(NULL, Object(Config\Cache), false)
#9 C:\xampp\htdocs\pilotgamingindo\public\index.php(44): CodeIgniter\CodeIgniter->run()
#10 C:\xampp\htdocs\pilotgamingindo\system\Commands\Server\rewrite.php(45): require_once('C:\\xampp\\htdocs...')
#11 {main}
CRITICAL - 2021-05-18 00:07:27 --> Table 'pilotgamingindo.akun_admin' doesn't exist
#0 C:\xampp\htdocs\pilotgamingindo\system\Database\MySQLi\Connection.php(314): mysqli->query('SELECT *\nFROM `...')
#1 C:\xampp\htdocs\pilotgamingindo\system\Database\BaseConnection.php(713): CodeIgniter\Database\MySQLi\Connection->execute('SELECT *\nFROM `...')
#2 C:\xampp\htdocs\pilotgamingindo\system\Database\BaseConnection.php(641): CodeIgniter\Database\BaseConnection->simpleQuery('SELECT *\nFROM `...')
#3 C:\xampp\htdocs\pilotgamingindo\system\Database\BaseBuilder.php(1866): CodeIgniter\Database\BaseConnection->query('SELECT *\nFROM `...', Array, false)
#4 C:\xampp\htdocs\pilotgamingindo\app\Models\AuthModel.php(13): CodeIgniter\Database\BaseBuilder->get()
#5 C:\xampp\htdocs\pilotgamingindo\app\Controllers\Auth.php(17): App\Models\AuthModel->get_data_login(NULL, 'akun_admin')
#6 C:\xampp\htdocs\pilotgamingindo\system\CodeIgniter.php(936): App\Controllers\Auth->login()
#7 C:\xampp\htdocs\pilotgamingindo\system\CodeIgniter.php(432): CodeIgniter\CodeIgniter->runController(Object(App\Controllers\Auth))
#8 C:\xampp\htdocs\pilotgamingindo\system\CodeIgniter.php(333): CodeIgniter\CodeIgniter->handleRequest(NULL, Object(Config\Cache), false)
#9 C:\xampp\htdocs\pilotgamingindo\public\index.php(44): CodeIgniter\CodeIgniter->run()
#10 C:\xampp\htdocs\pilotgamingindo\system\Commands\Server\rewrite.php(45): require_once('C:\\xampp\\htdocs...')
#11 {main}
CRITICAL - 2021-05-18 00:50:54 --> authFilter filter must have a matching alias defined.
#0 C:\xampp\htdocs\pilotgamingindo\system\Filters\Filters.php(527): CodeIgniter\Filters\Exceptions\FilterException::forNoAlias('authFilter')
#1 C:\xampp\htdocs\pilotgamingindo\system\Filters\Filters.php(264): CodeIgniter\Filters\Filters->processAliasesToClass('before')
#2 C:\xampp\htdocs\pilotgamingindo\system\Filters\Filters.php(168): CodeIgniter\Filters\Filters->initialize('dashboard/pengg...')
#3 C:\xampp\htdocs\pilotgamingindo\system\CodeIgniter.php(403): CodeIgniter\Filters\Filters->run('dashboard/pengg...', 'before')
#4 C:\xampp\htdocs\pilotgamingindo\system\CodeIgniter.php(333): CodeIgniter\CodeIgniter->handleRequest(NULL, Object(Config\Cache), false)
#5 C:\xampp\htdocs\pilotgamingindo\public\index.php(44): CodeIgniter\CodeIgniter->run()
#6 C:\xampp\htdocs\pilotgamingindo\system\Commands\Server\rewrite.php(45): require_once('C:\\xampp\\htdocs...')
#7 {main}
CRITICAL - 2021-05-18 00:51:05 --> authFilter filter must have a matching alias defined.
#0 C:\xampp\htdocs\pilotgamingindo\system\Filters\Filters.php(527): CodeIgniter\Filters\Exceptions\FilterException::forNoAlias('authFilter')
#1 C:\xampp\htdocs\pilotgamingindo\system\Filters\Filters.php(264): CodeIgniter\Filters\Filters->processAliasesToClass('before')
#2 C:\xampp\htdocs\pilotgamingindo\system\Filters\Filters.php(168): CodeIgniter\Filters\Filters->initialize('site.webmanifes...')
#3 C:\xampp\htdocs\pilotgamingindo\system\CodeIgniter.php(403): CodeIgniter\Filters\Filters->run('site.webmanifes...', 'before')
#4 C:\xampp\htdocs\pilotgamingindo\system\CodeIgniter.php(333): CodeIgniter\CodeIgniter->handleRequest(NULL, Object(Config\Cache), false)
#5 C:\xampp\htdocs\pilotgamingindo\public\index.php(44): CodeIgniter\CodeIgniter->run()
#6 C:\xampp\htdocs\pilotgamingindo\system\Commands\Server\rewrite.php(45): require_once('C:\\xampp\\htdocs...')
#7 {main}
CRITICAL - 2021-05-18 00:51:07 --> authFilter filter must have a matching alias defined.
#0 C:\xampp\htdocs\pilotgamingindo\system\Filters\Filters.php(527): CodeIgniter\Filters\Exceptions\FilterException::forNoAlias('authFilter')
#1 C:\xampp\htdocs\pilotgamingindo\system\Filters\Filters.php(264): CodeIgniter\Filters\Filters->processAliasesToClass('before')
#2 C:\xampp\htdocs\pilotgamingindo\system\Filters\Filters.php(168): CodeIgniter\Filters\Filters->initialize('login')
#3 C:\xampp\htdocs\pilotgamingindo\system\CodeIgniter.php(403): CodeIgniter\Filters\Filters->run('login', 'before')
#4 C:\xampp\htdocs\pilotgamingindo\system\CodeIgniter.php(333): CodeIgniter\CodeIgniter->handleRequest(NULL, Object(Config\Cache), false)
#5 C:\xampp\htdocs\pilotgamingindo\public\index.php(44): CodeIgniter\CodeIgniter->run()
#6 C:\xampp\htdocs\pilotgamingindo\system\Commands\Server\rewrite.php(45): require_once('C:\\xampp\\htdocs...')
#7 {main}
CRITICAL - 2021-05-18 00:51:47 --> authFilter filter must have a matching alias defined.
#0 C:\xampp\htdocs\pilotgamingindo\system\Filters\Filters.php(527): CodeIgniter\Filters\Exceptions\FilterException::forNoAlias('authFilter')
#1 C:\xampp\htdocs\pilotgamingindo\system\Filters\Filters.php(264): CodeIgniter\Filters\Filters->processAliasesToClass('before')
#2 C:\xampp\htdocs\pilotgamingindo\system\Filters\Filters.php(168): CodeIgniter\Filters\Filters->initialize('site.webmanifes...')
#3 C:\xampp\htdocs\pilotgamingindo\system\CodeIgniter.php(403): CodeIgniter\Filters\Filters->run('site.webmanifes...', 'before')
#4 C:\xampp\htdocs\pilotgamingindo\system\CodeIgniter.php(333): CodeIgniter\CodeIgniter->handleRequest(NULL, Object(Config\Cache), false)
#5 C:\xampp\htdocs\pilotgamingindo\public\index.php(44): CodeIgniter\CodeIgniter->run()
#6 C:\xampp\htdocs\pilotgamingindo\system\Commands\Server\rewrite.php(45): require_once('C:\\xampp\\htdocs...')
#7 {main}
CRITICAL - 2021-05-18 00:51:48 --> authFilter filter must have a matching alias defined.
#0 C:\xampp\htdocs\pilotgamingindo\system\Filters\Filters.php(527): CodeIgniter\Filters\Exceptions\FilterException::forNoAlias('authFilter')
#1 C:\xampp\htdocs\pilotgamingindo\system\Filters\Filters.php(264): CodeIgniter\Filters\Filters->processAliasesToClass('before')
#2 C:\xampp\htdocs\pilotgamingindo\system\Filters\Filters.php(168): CodeIgniter\Filters\Filters->initialize('auth/login')
#3 C:\xampp\htdocs\pilotgamingindo\system\CodeIgniter.php(403): CodeIgniter\Filters\Filters->run('Auth/login', 'before')
#4 C:\xampp\htdocs\pilotgamingindo\system\CodeIgniter.php(333): CodeIgniter\CodeIgniter->handleRequest(NULL, Object(Config\Cache), false)
#5 C:\xampp\htdocs\pilotgamingindo\public\index.php(44): CodeIgniter\CodeIgniter->run()
#6 C:\xampp\htdocs\pilotgamingindo\system\Commands\Server\rewrite.php(45): require_once('C:\\xampp\\htdocs...')
#7 {main}
CRITICAL - 2021-05-18 00:52:02 --> authFilter filter must have a matching alias defined.
#0 C:\xampp\htdocs\pilotgamingindo\system\Filters\Filters.php(527): CodeIgniter\Filters\Exceptions\FilterException::forNoAlias('authFilter')
#1 C:\xampp\htdocs\pilotgamingindo\system\Filters\Filters.php(264): CodeIgniter\Filters\Filters->processAliasesToClass('before')
#2 C:\xampp\htdocs\pilotgamingindo\system\Filters\Filters.php(168): CodeIgniter\Filters\Filters->initialize('site.webmanifes...')
#3 C:\xampp\htdocs\pilotgamingindo\system\CodeIgniter.php(403): CodeIgniter\Filters\Filters->run('site.webmanifes...', 'before')
#4 C:\xampp\htdocs\pilotgamingindo\system\CodeIgniter.php(333): CodeIgniter\CodeIgniter->handleRequest(NULL, Object(Config\Cache), false)
#5 C:\xampp\htdocs\pilotgamingindo\public\index.php(44): CodeIgniter\CodeIgniter->run()
#6 C:\xampp\htdocs\pilotgamingindo\system\Commands\Server\rewrite.php(45): require_once('C:\\xampp\\htdocs...')
#7 {main}
CRITICAL - 2021-05-18 00:52:03 --> authFilter filter must have a matching alias defined.
#0 C:\xampp\htdocs\pilotgamingindo\system\Filters\Filters.php(527): CodeIgniter\Filters\Exceptions\FilterException::forNoAlias('authFilter')
#1 C:\xampp\htdocs\pilotgamingindo\system\Filters\Filters.php(264): CodeIgniter\Filters\Filters->processAliasesToClass('before')
#2 C:\xampp\htdocs\pilotgamingindo\system\Filters\Filters.php(168): CodeIgniter\Filters\Filters->initialize('login')
#3 C:\xampp\htdocs\pilotgamingindo\system\CodeIgniter.php(403): CodeIgniter\Filters\Filters->run('login', 'before')
#4 C:\xampp\htdocs\pilotgamingindo\system\CodeIgniter.php(333): CodeIgniter\CodeIgniter->handleRequest(NULL, Object(Config\Cache), false)
#5 C:\xampp\htdocs\pilotgamingindo\public\index.php(44): CodeIgniter\CodeIgniter->run()
#6 C:\xampp\htdocs\pilotgamingindo\system\Commands\Server\rewrite.php(45): require_once('C:\\xampp\\htdocs...')
#7 {main}
CRITICAL - 2021-05-18 00:53:55 --> authFilter filter must have a matching alias defined.
#0 C:\xampp\htdocs\pilotgamingindo\system\Filters\Filters.php(527): CodeIgniter\Filters\Exceptions\FilterException::forNoAlias('authFilter')
#1 C:\xampp\htdocs\pilotgamingindo\system\Filters\Filters.php(264): CodeIgniter\Filters\Filters->processAliasesToClass('before')
#2 C:\xampp\htdocs\pilotgamingindo\system\Filters\Filters.php(168): CodeIgniter\Filters\Filters->initialize('site.webmanifes...')
#3 C:\xampp\htdocs\pilotgamingindo\system\CodeIgniter.php(403): CodeIgniter\Filters\Filters->run('site.webmanifes...', 'before')
#4 C:\xampp\htdocs\pilotgamingindo\system\CodeIgniter.php(333): CodeIgniter\CodeIgniter->handleRequest(NULL, Object(Config\Cache), false)
#5 C:\xampp\htdocs\pilotgamingindo\public\index.php(44): CodeIgniter\CodeIgniter->run()
#6 C:\xampp\htdocs\pilotgamingindo\system\Commands\Server\rewrite.php(45): require_once('C:\\xampp\\htdocs...')
#7 {main}
CRITICAL - 2021-05-18 00:53:56 --> authFilter filter must have a matching alias defined.
#0 C:\xampp\htdocs\pilotgamingindo\system\Filters\Filters.php(527): CodeIgniter\Filters\Exceptions\FilterException::forNoAlias('authFilter')
#1 C:\xampp\htdocs\pilotgamingindo\system\Filters\Filters.php(264): CodeIgniter\Filters\Filters->processAliasesToClass('before')
#2 C:\xampp\htdocs\pilotgamingindo\system\Filters\Filters.php(168): CodeIgniter\Filters\Filters->initialize('login')
#3 C:\xampp\htdocs\pilotgamingindo\system\CodeIgniter.php(403): CodeIgniter\Filters\Filters->run('login', 'before')
#4 C:\xampp\htdocs\pilotgamingindo\system\CodeIgniter.php(333): CodeIgniter\CodeIgniter->handleRequest(NULL, Object(Config\Cache), false)
#5 C:\xampp\htdocs\pilotgamingindo\public\index.php(44): CodeIgniter\CodeIgniter->run()
#6 C:\xampp\htdocs\pilotgamingindo\system\Commands\Server\rewrite.php(45): require_once('C:\\xampp\\htdocs...')
#7 {main}
CRITICAL - 2021-05-18 00:54:44 --> authFilter filter must have a matching alias defined.
#0 C:\xampp\htdocs\pilotgamingindo\system\Filters\Filters.php(527): CodeIgniter\Filters\Exceptions\FilterException::forNoAlias('authFilter')
#1 C:\xampp\htdocs\pilotgamingindo\system\Filters\Filters.php(264): CodeIgniter\Filters\Filters->processAliasesToClass('before')
#2 C:\xampp\htdocs\pilotgamingindo\system\Filters\Filters.php(168): CodeIgniter\Filters\Filters->initialize('site.webmanifes...')
#3 C:\xampp\htdocs\pilotgamingindo\system\CodeIgniter.php(403): CodeIgniter\Filters\Filters->run('site.webmanifes...', 'before')
#4 C:\xampp\htdocs\pilotgamingindo\system\CodeIgniter.php(333): CodeIgniter\CodeIgniter->handleRequest(NULL, Object(Config\Cache), false)
#5 C:\xampp\htdocs\pilotgamingindo\public\index.php(44): CodeIgniter\CodeIgniter->run()
#6 C:\xampp\htdocs\pilotgamingindo\system\Commands\Server\rewrite.php(45): require_once('C:\\xampp\\htdocs...')
#7 {main}
CRITICAL - 2021-05-18 00:54:47 --> authFilter filter must have a matching alias defined.
#0 C:\xampp\htdocs\pilotgamingindo\system\Filters\Filters.php(527): CodeIgniter\Filters\Exceptions\FilterException::forNoAlias('authFilter')
#1 C:\xampp\htdocs\pilotgamingindo\system\Filters\Filters.php(264): CodeIgniter\Filters\Filters->processAliasesToClass('before')
#2 C:\xampp\htdocs\pilotgamingindo\system\Filters\Filters.php(168): CodeIgniter\Filters\Filters->initialize('auth/login')
#3 C:\xampp\htdocs\pilotgamingindo\system\CodeIgniter.php(403): CodeIgniter\Filters\Filters->run('Auth/login', 'before')
#4 C:\xampp\htdocs\pilotgamingindo\system\CodeIgniter.php(333): CodeIgniter\CodeIgniter->handleRequest(NULL, Object(Config\Cache), false)
#5 C:\xampp\htdocs\pilotgamingindo\public\index.php(44): CodeIgniter\CodeIgniter->run()
#6 C:\xampp\htdocs\pilotgamingindo\system\Commands\Server\rewrite.php(45): require_once('C:\\xampp\\htdocs...')
#7 {main}
CRITICAL - 2021-05-18 00:56:01 --> Class "App\Filters\AuthFilter" not found
#0 C:\xampp\htdocs\pilotgamingindo\system\CodeIgniter.php(403): CodeIgniter\Filters\Filters->run('Auth/login', 'before')
#1 C:\xampp\htdocs\pilotgamingindo\system\CodeIgniter.php(333): CodeIgniter\CodeIgniter->handleRequest(NULL, Object(Config\Cache), false)
#2 C:\xampp\htdocs\pilotgamingindo\public\index.php(44): CodeIgniter\CodeIgniter->run()
#3 C:\xampp\htdocs\pilotgamingindo\system\Commands\Server\rewrite.php(45): require_once('C:\\xampp\\htdocs...')
#4 {main}
CRITICAL - 2021-05-18 00:56:02 --> Class "App\Filters\AuthFilter" not found
#0 C:\xampp\htdocs\pilotgamingindo\system\CodeIgniter.php(403): CodeIgniter\Filters\Filters->run('site.webmanifes...', 'before')
#1 C:\xampp\htdocs\pilotgamingindo\system\CodeIgniter.php(333): CodeIgniter\CodeIgniter->handleRequest(NULL, Object(Config\Cache), false)
#2 C:\xampp\htdocs\pilotgamingindo\public\index.php(44): CodeIgniter\CodeIgniter->run()
#3 C:\xampp\htdocs\pilotgamingindo\system\Commands\Server\rewrite.php(45): require_once('C:\\xampp\\htdocs...')
#4 {main}
CRITICAL - 2021-05-18 00:56:03 --> Class "App\Filters\AuthFilter" not found
#0 C:\xampp\htdocs\pilotgamingindo\system\CodeIgniter.php(403): CodeIgniter\Filters\Filters->run('Auth/login', 'before')
#1 C:\xampp\htdocs\pilotgamingindo\system\CodeIgniter.php(333): CodeIgniter\CodeIgniter->handleRequest(NULL, Object(Config\Cache), false)
#2 C:\xampp\htdocs\pilotgamingindo\public\index.php(44): CodeIgniter\CodeIgniter->run()
#3 C:\xampp\htdocs\pilotgamingindo\system\Commands\Server\rewrite.php(45): require_once('C:\\xampp\\htdocs...')
#4 {main}
CRITICAL - 2021-05-18 00:57:45 --> Class "App\Filters\AuthFilter" not found
#0 C:\xampp\htdocs\pilotgamingindo\system\CodeIgniter.php(403): CodeIgniter\Filters\Filters->run('site.webmanifes...', 'before')
#1 C:\xampp\htdocs\pilotgamingindo\system\CodeIgniter.php(333): CodeIgniter\CodeIgniter->handleRequest(NULL, Object(Config\Cache), false)
#2 C:\xampp\htdocs\pilotgamingindo\public\index.php(44): CodeIgniter\CodeIgniter->run()
#3 C:\xampp\htdocs\pilotgamingindo\system\Commands\Server\rewrite.php(45): require_once('C:\\xampp\\htdocs...')
#4 {main}
CRITICAL - 2021-05-18 00:57:46 --> Class "App\Filters\AuthFilter" not found
#0 C:\xampp\htdocs\pilotgamingindo\system\CodeIgniter.php(403): CodeIgniter\Filters\Filters->run('Auth/login', 'before')
#1 C:\xampp\htdocs\pilotgamingindo\system\CodeIgniter.php(333): CodeIgniter\CodeIgniter->handleRequest(NULL, Object(Config\Cache), false)
#2 C:\xampp\htdocs\pilotgamingindo\public\index.php(44): CodeIgniter\CodeIgniter->run()
#3 C:\xampp\htdocs\pilotgamingindo\system\Commands\Server\rewrite.php(45): require_once('C:\\xampp\\htdocs...')
#4 {main}
CRITICAL - 2021-05-18 00:57:49 --> Class "App\Filters\AuthFilter" not found
#0 C:\xampp\htdocs\pilotgamingindo\system\CodeIgniter.php(403): CodeIgniter\Filters\Filters->run('site.webmanifes...', 'before')
#1 C:\xampp\htdocs\pilotgamingindo\system\CodeIgniter.php(333): CodeIgniter\CodeIgniter->handleRequest(NULL, Object(Config\Cache), false)
#2 C:\xampp\htdocs\pilotgamingindo\public\index.php(44): CodeIgniter\CodeIgniter->run()
#3 C:\xampp\htdocs\pilotgamingindo\system\Commands\Server\rewrite.php(45): require_once('C:\\xampp\\htdocs...')
#4 {main}
CRITICAL - 2021-05-18 00:57:50 --> Class "App\Filters\AuthFilter" not found
#0 C:\xampp\htdocs\pilotgamingindo\system\CodeIgniter.php(403): CodeIgniter\Filters\Filters->run('Auth/login', 'before')
#1 C:\xampp\htdocs\pilotgamingindo\system\CodeIgniter.php(333): CodeIgniter\CodeIgniter->handleRequest(NULL, Object(Config\Cache), false)
#2 C:\xampp\htdocs\pilotgamingindo\public\index.php(44): CodeIgniter\CodeIgniter->run()
#3 C:\xampp\htdocs\pilotgamingindo\system\Commands\Server\rewrite.php(45): require_once('C:\\xampp\\htdocs...')
#4 {main}
CRITICAL - 2021-05-18 02:03:35 --> Class "App\Filters\AuthFilter" not found
#0 C:\xampp\htdocs\pilotgamingindo\system\CodeIgniter.php(403): CodeIgniter\Filters\Filters->run('site.webmanifes...', 'before')
#1 C:\xampp\htdocs\pilotgamingindo\system\CodeIgniter.php(333): CodeIgniter\CodeIgniter->handleRequest(NULL, Object(Config\Cache), false)
#2 C:\xampp\htdocs\pilotgamingindo\public\index.php(44): CodeIgniter\CodeIgniter->run()
#3 C:\xampp\htdocs\pilotgamingindo\system\Commands\Server\rewrite.php(45): require_once('C:\\xampp\\htdocs...')
#4 {main}
CRITICAL - 2021-05-18 02:03:39 --> Class "App\Filters\AuthFilter" not found
#0 C:\xampp\htdocs\pilotgamingindo\system\CodeIgniter.php(403): CodeIgniter\Filters\Filters->run('Auth/login', 'before')
#1 C:\xampp\htdocs\pilotgamingindo\system\CodeIgniter.php(333): CodeIgniter\CodeIgniter->handleRequest(NULL, Object(Config\Cache), false)
#2 C:\xampp\htdocs\pilotgamingindo\public\index.php(44): CodeIgniter\CodeIgniter->run()
#3 C:\xampp\htdocs\pilotgamingindo\system\Commands\Server\rewrite.php(45): require_once('C:\\xampp\\htdocs...')
#4 {main}
